<?xml version="1.0" encoding="UTF-8"?>
<testsuite xmlns:xsi="http://www.w3.org/2001/XMLSchema-instance" xsi:noNamespaceSchemaLocation="https://maven.apache.org/surefire/maven-surefire-plugin/xsd/surefire-test-report.xsd" name="com.neo.hello.HelloApplicationTests" time="5.778" tests="1" errors="0" skipped="0" failures="0">
  <properties>
    <property name="sun.desktop" value="windows"/>
    <property name="awt.toolkit" value="sun.awt.windows.WToolkit"/>
    <property name="file.encoding.pkg" value="sun.io"/>
    <property name="java.specification.version" value="1.8"/>
    <property name="sun.cpu.isalist" value="amd64"/>
    <property name="sun.jnu.encoding" value="GBK"/>
    <property name="java.class.path" value="F:\javaProject\githubProject\docker\target\test-classes;F:\javaProject\githubProject\docker\target\classes;F:\softwares\maven\mavenrepository\org\springframework\boot\spring-boot-starter-web\2.0.5.RELEASE\spring-boot-starter-web-2.0.5.RELEASE.jar;F:\softwares\maven\mavenrepository\org\springframework\boot\spring-boot-starter\2.0.5.RELEASE\spring-boot-starter-2.0.5.RELEASE.jar;F:\softwares\maven\mavenrepository\org\springframework\boot\spring-boot-starter-logging\2.0.5.RELEASE\spring-boot-starter-logging-2.0.5.RELEASE.jar;F:\softwares\maven\mavenrepository\ch\qos\logback\logback-classic\1.2.3\logback-classic-1.2.3.jar;F:\softwares\maven\mavenrepository\ch\qos\logback\logback-core\1.2.3\logback-core-1.2.3.jar;F:\softwares\maven\mavenrepository\org\apache\logging\log4j\log4j-to-slf4j\2.10.0\log4j-to-slf4j-2.10.0.jar;F:\softwares\maven\mavenrepository\org\apache\logging\log4j\log4j-api\2.10.0\log4j-api-2.10.0.jar;F:\softwares\maven\mavenrepository\org\slf4j\jul-to-slf4j\1.7.25\jul-to-slf4j-1.7.25.jar;F:\softwares\maven\mavenrepository\javax\annotation\javax.annotation-api\1.3.2\javax.annotation-api-1.3.2.jar;F:\softwares\maven\mavenrepository\org\yaml\snakeyaml\1.19\snakeyaml-1.19.jar;F:\softwares\maven\mavenrepository\org\springframework\boot\spring-boot-starter-json\2.0.5.RELEASE\spring-boot-starter-json-2.0.5.RELEASE.jar;F:\softwares\maven\mavenrepository\com\fasterxml\jackson\core\jackson-databind\2.9.6\jackson-databind-2.9.6.jar;F:\softwares\maven\mavenrepository\com\fasterxml\jackson\core\jackson-annotations\2.9.0\jackson-annotations-2.9.0.jar;F:\softwares\maven\mavenrepository\com\fasterxml\jackson\core\jackson-core\2.9.6\jackson-core-2.9.6.jar;F:\softwares\maven\mavenrepository\com\fasterxml\jackson\datatype\jackson-datatype-jdk8\2.9.6\jackson-datatype-jdk8-2.9.6.jar;F:\softwares\maven\mavenrepository\com\fasterxml\jackson\datatype\jackson-datatype-jsr310\2.9.6\jackson-datatype-jsr310-2.9.6.jar;F:\softwares\maven\mavenrepository\com\fasterxml\jackson\module\jackson-module-parameter-names\2.9.6\jackson-module-parameter-names-2.9.6.jar;F:\softwares\maven\mavenrepository\org\springframework\boot\spring-boot-starter-tomcat\2.0.5.RELEASE\spring-boot-starter-tomcat-2.0.5.RELEASE.jar;F:\softwares\maven\mavenrepository\org\apache\tomcat\embed\tomcat-embed-core\8.5.34\tomcat-embed-core-8.5.34.jar;F:\softwares\maven\mavenrepository\org\apache\tomcat\embed\tomcat-embed-el\8.5.34\tomcat-embed-el-8.5.34.jar;F:\softwares\maven\mavenrepository\org\apache\tomcat\embed\tomcat-embed-websocket\8.5.34\tomcat-embed-websocket-8.5.34.jar;F:\softwares\maven\mavenrepository\org\hibernate\validator\hibernate-validator\6.0.12.Final\hibernate-validator-6.0.12.Final.jar;F:\softwares\maven\mavenrepository\javax\validation\validation-api\2.0.1.Final\validation-api-2.0.1.Final.jar;F:\softwares\maven\mavenrepository\org\jboss\logging\jboss-logging\3.3.2.Final\jboss-logging-3.3.2.Final.jar;F:\softwares\maven\mavenrepository\com\fasterxml\classmate\1.3.4\classmate-1.3.4.jar;F:\softwares\maven\mavenrepository\org\springframework\spring-web\5.0.9.RELEASE\spring-web-5.0.9.RELEASE.jar;F:\softwares\maven\mavenrepository\org\springframework\spring-beans\5.0.9.RELEASE\spring-beans-5.0.9.RELEASE.jar;F:\softwares\maven\mavenrepository\org\springframework\spring-webmvc\5.0.9.RELEASE\spring-webmvc-5.0.9.RELEASE.jar;F:\softwares\maven\mavenrepository\org\springframework\spring-aop\5.0.9.RELEASE\spring-aop-5.0.9.RELEASE.jar;F:\softwares\maven\mavenrepository\org\springframework\spring-context\5.0.9.RELEASE\spring-context-5.0.9.RELEASE.jar;F:\softwares\maven\mavenrepository\org\springframework\spring-expression\5.0.9.RELEASE\spring-expression-5.0.9.RELEASE.jar;F:\softwares\maven\mavenrepository\org\springframework\boot\spring-boot-starter-test\2.0.5.RELEASE\spring-boot-starter-test-2.0.5.RELEASE.jar;F:\softwares\maven\mavenrepository\org\springframework\boot\spring-boot-test\2.0.5.RELEASE\spring-boot-test-2.0.5.RELEASE.jar;F:\softwares\maven\mavenrepository\org\springframework\boot\spring-boot-test-autoconfigure\2.0.5.RELEASE\spring-boot-test-autoconfigure-2.0.5.RELEASE.jar;F:\softwares\maven\mavenrepository\com\jayway\jsonpath\json-path\2.4.0\json-path-2.4.0.jar;F:\softwares\maven\mavenrepository\net\minidev\json-smart\2.3\json-smart-2.3.jar;F:\softwares\maven\mavenrepository\net\minidev\accessors-smart\1.2\accessors-smart-1.2.jar;F:\softwares\maven\mavenrepository\org\ow2\asm\asm\5.0.4\asm-5.0.4.jar;F:\softwares\maven\mavenrepository\org\slf4j\slf4j-api\1.7.25\slf4j-api-1.7.25.jar;F:\softwares\maven\mavenrepository\junit\junit\4.12\junit-4.12.jar;F:\softwares\maven\mavenrepository\org\assertj\assertj-core\3.9.1\assertj-core-3.9.1.jar;F:\softwares\maven\mavenrepository\org\mockito\mockito-core\2.15.0\mockito-core-2.15.0.jar;F:\softwares\maven\mavenrepository\net\bytebuddy\byte-buddy\1.7.11\byte-buddy-1.7.11.jar;F:\softwares\maven\mavenrepository\net\bytebuddy\byte-buddy-agent\1.7.11\byte-buddy-agent-1.7.11.jar;F:\softwares\maven\mavenrepository\org\objenesis\objenesis\2.6\objenesis-2.6.jar;F:\softwares\maven\mavenrepository\org\hamcrest\hamcrest-core\1.3\hamcrest-core-1.3.jar;F:\softwares\maven\mavenrepository\org\hamcrest\hamcrest-library\1.3\hamcrest-library-1.3.jar;F:\softwares\maven\mavenrepository\org\skyscreamer\jsonassert\1.5.0\jsonassert-1.5.0.jar;F:\softwares\maven\mavenrepository\com\vaadin\external\google\android-json\0.0.20131108.vaadin1\android-json-0.0.20131108.vaadin1.jar;F:\softwares\maven\mavenrepository\org\springframework\spring-core\5.0.9.RELEASE\spring-core-5.0.9.RELEASE.jar;F:\softwares\maven\mavenrepository\org\springframework\spring-jcl\5.0.9.RELEASE\spring-jcl-5.0.9.RELEASE.jar;F:\softwares\maven\mavenrepository\org\springframework\spring-test\5.0.9.RELEASE\spring-test-5.0.9.RELEASE.jar;F:\softwares\maven\mavenrepository\org\xmlunit\xmlunit-core\2.5.1\xmlunit-core-2.5.1.jar;F:\softwares\maven\mavenrepository\org\springframework\boot\spring-boot-devtools\2.0.5.RELEASE\spring-boot-devtools-2.0.5.RELEASE.jar;F:\softwares\maven\mavenrepository\org\springframework\boot\spring-boot\2.0.5.RELEASE\spring-boot-2.0.5.RELEASE.jar;F:\softwares\maven\mavenrepository\org\springframework\boot\spring-boot-autoconfigure\2.0.5.RELEASE\spring-boot-autoconfigure-2.0.5.RELEASE.jar;"/>
    <property name="java.vm.vendor" value="Oracle Corporation"/>
    <property name="sun.arch.data.model" value="64"/>
    <property name="user.variant" value=""/>
    <property name="java.vendor.url" value="http://java.oracle.com/"/>
    <property name="user.timezone" value=""/>
    <property name="java.vm.specification.version" value="1.8"/>
    <property name="os.name" value="Windows 10"/>
    <property name="user.country" value="CN"/>
    <property name="sun.java.launcher" value="SUN_STANDARD"/>
    <property name="sun.boot.library.path" value="C:\Program Files\Java\jdk1.8.0_211\jre\bin"/>
    <property name="sun.java.command" value="C:\Users\MyPC\AppData\Local\Temp\surefire5587566022518450547\surefirebooter527291092081784151.jar C:\Users\MyPC\AppData\Local\Temp\surefire5587566022518450547 2020-10-07T21-27-14_933-jvmRun1 surefire6158655380270188010tmp surefire_08307551379916126249tmp"/>
    <property name="surefire.test.class.path" value="F:\javaProject\githubProject\docker\target\test-classes;F:\javaProject\githubProject\docker\target\classes;F:\softwares\maven\mavenrepository\org\springframework\boot\spring-boot-starter-web\2.0.5.RELEASE\spring-boot-starter-web-2.0.5.RELEASE.jar;F:\softwares\maven\mavenrepository\org\springframework\boot\spring-boot-starter\2.0.5.RELEASE\spring-boot-starter-2.0.5.RELEASE.jar;F:\softwares\maven\mavenrepository\org\springframework\boot\spring-boot-starter-logging\2.0.5.RELEASE\spring-boot-starter-logging-2.0.5.RELEASE.jar;F:\softwares\maven\mavenrepository\ch\qos\logback\logback-classic\1.2.3\logback-classic-1.2.3.jar;F:\softwares\maven\mavenrepository\ch\qos\logback\logback-core\1.2.3\logback-core-1.2.3.jar;F:\softwares\maven\mavenrepository\org\apache\logging\log4j\log4j-to-slf4j\2.10.0\log4j-to-slf4j-2.10.0.jar;F:\softwares\maven\mavenrepository\org\apache\logging\log4j\log4j-api\2.10.0\log4j-api-2.10.0.jar;F:\softwares\maven\mavenrepository\org\slf4j\jul-to-slf4j\1.7.25\jul-to-slf4j-1.7.25.jar;F:\softwares\maven\mavenrepository\javax\annotation\javax.annotation-api\1.3.2\javax.annotation-api-1.3.2.jar;F:\softwares\maven\mavenrepository\org\yaml\snakeyaml\1.19\snakeyaml-1.19.jar;F:\softwares\maven\mavenrepository\org\springframework\boot\spring-boot-starter-json\2.0.5.RELEASE\spring-boot-starter-json-2.0.5.RELEASE.jar;F:\softwares\maven\mavenrepository\com\fasterxml\jackson\core\jackson-databind\2.9.6\jackson-databind-2.9.6.jar;F:\softwares\maven\mavenrepository\com\fasterxml\jackson\core\jackson-annotations\2.9.0\jackson-annotations-2.9.0.jar;F:\softwares\maven\mavenrepository\com\fasterxml\jackson\core\jackson-core\2.9.6\jackson-core-2.9.6.jar;F:\softwares\maven\mavenrepository\com\fasterxml\jackson\datatype\jackson-datatype-jdk8\2.9.6\jackson-datatype-jdk8-2.9.6.jar;F:\softwares\maven\mavenrepository\com\fasterxml\jackson\datatype\jackson-datatype-jsr310\2.9.6\jackson-datatype-jsr310-2.9.6.jar;F:\softwares\maven\mavenrepository\com\fasterxml\jackson\module\jackson-module-parameter-names\2.9.6\jackson-module-parameter-names-2.9.6.jar;F:\softwares\maven\mavenrepository\org\springframework\boot\spring-boot-starter-tomcat\2.0.5.RELEASE\spring-boot-starter-tomcat-2.0.5.RELEASE.jar;F:\softwares\maven\mavenrepository\org\apache\tomcat\embed\tomcat-embed-core\8.5.34\tomcat-embed-core-8.5.34.jar;F:\softwares\maven\mavenrepository\org\apache\tomcat\embed\tomcat-embed-el\8.5.34\tomcat-embed-el-8.5.34.jar;F:\softwares\maven\mavenrepository\org\apache\tomcat\embed\tomcat-embed-websocket\8.5.34\tomcat-embed-websocket-8.5.34.jar;F:\softwares\maven\mavenrepository\org\hibernate\validator\hibernate-validator\6.0.12.Final\hibernate-validator-6.0.12.Final.jar;F:\softwares\maven\mavenrepository\javax\validation\validation-api\2.0.1.Final\validation-api-2.0.1.Final.jar;F:\softwares\maven\mavenrepository\org\jboss\logging\jboss-logging\3.3.2.Final\jboss-logging-3.3.2.Final.jar;F:\softwares\maven\mavenrepository\com\fasterxml\classmate\1.3.4\classmate-1.3.4.jar;F:\softwares\maven\mavenrepository\org\springframework\spring-web\5.0.9.RELEASE\spring-web-5.0.9.RELEASE.jar;F:\softwares\maven\mavenrepository\org\springframework\spring-beans\5.0.9.RELEASE\spring-beans-5.0.9.RELEASE.jar;F:\softwares\maven\mavenrepository\org\springframework\spring-webmvc\5.0.9.RELEASE\spring-webmvc-5.0.9.RELEASE.jar;F:\softwares\maven\mavenrepository\org\springframework\spring-aop\5.0.9.RELEASE\spring-aop-5.0.9.RELEASE.jar;F:\softwares\maven\mavenrepository\org\springframework\spring-context\5.0.9.RELEASE\spring-context-5.0.9.RELEASE.jar;F:\softwares\maven\mavenrepository\org\springframework\spring-expression\5.0.9.RELEASE\spring-expression-5.0.9.RELEASE.jar;F:\softwares\maven\mavenrepository\org\springframework\boot\spring-boot-starter-test\2.0.5.RELEASE\spring-boot-starter-test-2.0.5.RELEASE.jar;F:\softwares\maven\mavenrepository\org\springframework\boot\spring-boot-test\2.0.5.RELEASE\spring-boot-test-2.0.5.RELEASE.jar;F:\softwares\maven\mavenrepository\org\springframework\boot\spring-boot-test-autoconfigure\2.0.5.RELEASE\spring-boot-test-autoconfigure-2.0.5.RELEASE.jar;F:\softwares\maven\mavenrepository\com\jayway\jsonpath\json-path\2.4.0\json-path-2.4.0.jar;F:\softwares\maven\mavenrepository\net\minidev\json-smart\2.3\json-smart-2.3.jar;F:\softwares\maven\mavenrepository\net\minidev\accessors-smart\1.2\accessors-smart-1.2.jar;F:\softwares\maven\mavenrepository\org\ow2\asm\asm\5.0.4\asm-5.0.4.jar;F:\softwares\maven\mavenrepository\org\slf4j\slf4j-api\1.7.25\slf4j-api-1.7.25.jar;F:\softwares\maven\mavenrepository\junit\junit\4.12\junit-4.12.jar;F:\softwares\maven\mavenrepository\org\assertj\assertj-core\3.9.1\assertj-core-3.9.1.jar;F:\softwares\maven\mavenrepository\org\mockito\mockito-core\2.15.0\mockito-core-2.15.0.jar;F:\softwares\maven\mavenrepository\net\bytebuddy\byte-buddy\1.7.11\byte-buddy-1.7.11.jar;F:\softwares\maven\mavenrepository\net\bytebuddy\byte-buddy-agent\1.7.11\byte-buddy-agent-1.7.11.jar;F:\softwares\maven\mavenrepository\org\objenesis\objenesis\2.6\objenesis-2.6.jar;F:\softwares\maven\mavenrepository\org\hamcrest\hamcrest-core\1.3\hamcrest-core-1.3.jar;F:\softwares\maven\mavenrepository\org\hamcrest\hamcrest-library\1.3\hamcrest-library-1.3.jar;F:\softwares\maven\mavenrepository\org\skyscreamer\jsonassert\1.5.0\jsonassert-1.5.0.jar;F:\softwares\maven\mavenrepository\com\vaadin\external\google\android-json\0.0.20131108.vaadin1\android-json-0.0.20131108.vaadin1.jar;F:\softwares\maven\mavenrepository\org\springframework\spring-core\5.0.9.RELEASE\spring-core-5.0.9.RELEASE.jar;F:\softwares\maven\mavenrepository\org\springframework\spring-jcl\5.0.9.RELEASE\spring-jcl-5.0.9.RELEASE.jar;F:\softwares\maven\mavenrepository\org\springframework\spring-test\5.0.9.RELEASE\spring-test-5.0.9.RELEASE.jar;F:\softwares\maven\mavenrepository\org\xmlunit\xmlunit-core\2.5.1\xmlunit-core-2.5.1.jar;F:\softwares\maven\mavenrepository\org\springframework\boot\spring-boot-devtools\2.0.5.RELEASE\spring-boot-devtools-2.0.5.RELEASE.jar;F:\softwares\maven\mavenrepository\org\springframework\boot\spring-boot\2.0.5.RELEASE\spring-boot-2.0.5.RELEASE.jar;F:\softwares\maven\mavenrepository\org\springframework\boot\spring-boot-autoconfigure\2.0.5.RELEASE\spring-boot-autoconfigure-2.0.5.RELEASE.jar;"/>
    <property name="sun.cpu.endian" value="little"/>
    <property name="user.home" value="C:\Users\MyPC"/>
    <property name="user.language" value="zh"/>
    <property name="java.specification.vendor" value="Oracle Corporation"/>
    <property name="java.home" value="C:\Program Files\Java\jdk1.8.0_211\jre"/>
    <property name="basedir" value="F:\javaProject\githubProject\docker"/>
    <property name="file.separator" value="\"/>
    <property name="line.separator" value="&#10;"/>
    <property name="java.vm.specification.vendor" value="Oracle Corporation"/>
    <property name="java.specification.name" value="Java Platform API Specification"/>
    <property name="java.awt.graphicsenv" value="sun.awt.Win32GraphicsEnvironment"/>
    <property name="surefire.real.class.path" value="C:\Users\MyPC\AppData\Local\Temp\surefire5587566022518450547\surefirebooter527291092081784151.jar"/>
    <property name="sun.boot.class.path" value="C:\Program Files\Java\jdk1.8.0_211\jre\lib\resources.jar;C:\Program Files\Java\jdk1.8.0_211\jre\lib\rt.jar;C:\Program Files\Java\jdk1.8.0_211\jre\lib\sunrsasign.jar;C:\Program Files\Java\jdk1.8.0_211\jre\lib\jsse.jar;C:\Program Files\Java\jdk1.8.0_211\jre\lib\jce.jar;C:\Program Files\Java\jdk1.8.0_211\jre\lib\charsets.jar;C:\Program Files\Java\jdk1.8.0_211\jre\lib\jfr.jar;C:\Program Files\Java\jdk1.8.0_211\jre\classes"/>
    <property name="user.script" value=""/>
    <property name="sun.management.compiler" value="HotSpot 64-Bit Tiered Compilers"/>
    <property name="java.runtime.version" value="1.8.0_211-b12"/>
    <property name="user.name" value="MyPC"/>
    <property name="path.separator" value=";"/>
    <property name="os.version" value="10.0"/>
    <property name="java.endorsed.dirs" value="C:\Program Files\Java\jdk1.8.0_211\jre\lib\endorsed"/>
    <property name="java.runtime.name" value="Java(TM) SE Runtime Environment"/>
    <property name="file.encoding" value="GBK"/>
    <property name="java.vm.name" value="Java HotSpot(TM) 64-Bit Server VM"/>
    <property name="localRepository" value="F:\softwares\maven\mavenrepository"/>
    <property name="java.vendor.url.bug" value="http://bugreport.sun.com/bugreport/"/>
    <property name="java.io.tmpdir" value="C:\Users\MyPC\AppData\Local\Temp\"/>
    <property name="java.version" value="1.8.0_211"/>
    <property name="user.dir" value="F:\javaProject\githubProject\docker"/>
    <property name="os.arch" value="amd64"/>
    <property name="java.vm.specification.name" value="Java Virtual Machine Specification"/>
    <property name="java.awt.printerjob" value="sun.awt.windows.WPrinterJob"/>
    <property name="idea.version2019.1.3" value="true"/>
    <property name="sun.os.patch.level" value=""/>
    <property name="java.library.path" value="C:\Program Files\Java\jdk1.8.0_211\jre\bin;C:\windows\Sun\Java\bin;C:\windows\system32;C:\windows;C:\Program Files (x86)\Common Files\Oracle\Java\javapath;C:\windows\system32;C:\windows;C:\windows\System32\Wbem;C:\windows\System32\WindowsPowerShell\v1.0\;C:\windows\System32\OpenSSH\;C:\Program Files (x86)\NVIDIA Corporation\PhysX\Common;C:\Program Files\Java\jdk1.8.0_211\bin;E:\softwares\maven\apache-maven-3.5.4\bin;E:\softwares\mysql-5.7.31-winx64\bin;E:\softwares\Git\bin;E:\softwares\Git\mingw64\libexec\git-core;E:\softwares\Git\mingw64\bin;E:\softwares\TortoiseSVN\bin;E:\softwares\python3.6\Scripts\;E:\softwares\python3.6\;C:\Users\MyPC\AppData\Local\Microsoft\WindowsApps;;E:\softwares\pyCharm\PyCharm 2020.2.2\bin;;."/>
    <property name="java.vm.info" value="mixed mode"/>
    <property name="java.vendor" value="Oracle Corporation"/>
    <property name="java.vm.version" value="25.211-b12"/>
    <property name="java.ext.dirs" value="C:\Program Files\Java\jdk1.8.0_211\jre\lib\ext;C:\windows\Sun\Java\lib\ext"/>
    <property name="sun.io.unicode.encoding" value="UnicodeLittle"/>
    <property name="java.class.version" value="52.0"/>
  </properties>
  <testcase name="hello" classname="com.neo.hello.HelloApplicationTests" time="0.142"/>
</testsuite>